05/17/2025 04:48:42 PM: INFO: Success
05/17/2025 04:48:44 PM: INFO: Pass
05/17/2025 04:48:44 PM: INFO: Pass
05/17/2025 04:48:45 PM: INFO: Pass
05/17/2025 04:48:45 PM: INFO: Login with DDT is Success
05/17/2025 04:48:45 PM: INFO: Test Execution is Completed
05/24/2025 03:03:44 PM: INFO: Success
05/24/2025 03:03:47 PM: INFO: Pass
05/24/2025 03:03:47 PM: INFO: Pass
05/24/2025 03:03:48 PM: INFO: Pass
05/24/2025 03:03:48 PM: INFO: Login with DDT is Success
05/24/2025 03:03:48 PM: INFO: Test Execution is Completed
05/24/2025 04:06:14 PM: INFO: Failed
05/24/2025 04:07:23 PM: INFO: Success
05/24/2025 04:07:40 PM: INFO: Pass
05/24/2025 04:07:42 PM: INFO: Pass
05/24/2025 04:07:47 PM: INFO: Pass
05/24/2025 04:07:47 PM: INFO: Login with DDT is Success
05/24/2025 04:07:47 PM: INFO: Test Execution is Completed
05/25/2025 04:05:38 PM: INFO: The Customer is been added successfully
05/25/2025 04:52:37 PM: INFO: ************* False ******************
05/25/2025 04:54:37 PM: INFO: ************* True ******************
05/25/2025 04:54:37 PM: INFO: ******************* Search Customer is Success ****************
05/27/2025 12:14:22 PM: INFO: Home Page Launching is Success
05/27/2025 12:38:07 PM: INFO: Login is Success
05/27/2025 12:40:34 PM: INFO: Login is Success
05/27/2025 01:59:45 PM: INFO: Login is Success
05/27/2025 04:05:53 PM: INFO: Employee 4884 is added successfully
05/28/2025 04:23:27 PM: INFO: Employee Varshini is added successfully
05/28/2025 04:26:06 PM: INFO: Employee Varshini is added successfully
05/28/2025 04:27:49 PM: INFO: Employee Varshini is added successfully
05/28/2025 04:38:26 PM: INFO: Employee Varshini is added successfully
05/28/2025 04:39:37 PM: INFO: Employee Varshini is added successfully
05/28/2025 04:41:09 PM: INFO: Employee Varshini is added successfully
05/28/2025 04:42:22 PM: INFO: Employee Varshini is added successfully
